c:\users\spark_000\documents\visual studio 2015\projects\stackwithtemplate\stackwithtemplate\debug\vc140.pdb
c:\users\spark_000\documents\visual studio 2015\projects\stackwithtemplate\stackwithtemplate\debug\vc140.idb
c:\users\spark_000\documents\visual studio 2015\projects\stackwithtemplate\stackwithtemplate\debug\list.obj
c:\users\spark_000\documents\visual studio 2015\projects\stackwithtemplate\stackwithtemplate\debug\stdafx.obj
c:\users\spark_000\documents\visual studio 2015\projects\stackwithtemplate\stackwithtemplate\debug\node.obj
c:\users\spark_000\documents\visual studio 2015\projects\stackwithtemplate\stackwithtemplate\debug\templatenode.obj
c:\users\spark_000\documents\visual studio 2015\projects\stackwithtemplate\stackwithtemplate\debug\stackwithtemplate.obj
c:\users\spark_000\documents\visual studio 2015\projects\stackwithtemplate\stackwithtemplate\debug\templatelist.obj
c:\users\spark_000\documents\visual studio 2015\projects\stackwithtemplate\debug\stackwithtemplate.pdb
c:\users\spark_000\documents\visual studio 2015\projects\stackwithtemplate\stackwithtemplate\debug\stackwit.8379ec8a.tlog\cl.command.1.tlog
c:\users\spark_000\documents\visual studio 2015\projects\stackwithtemplate\stackwithtemplate\debug\stackwit.8379ec8a.tlog\cl.read.1.tlog
c:\users\spark_000\documents\visual studio 2015\projects\stackwithtemplate\stackwithtemplate\debug\stackwit.8379ec8a.tlog\cl.write.1.tlog
c:\users\spark_000\documents\visual studio 2015\projects\stackwithtemplate\stackwithtemplate\debug\stackwit.8379ec8a.tlog\link.6544-cvtres.read.1.tlog
c:\users\spark_000\documents\visual studio 2015\projects\stackwithtemplate\stackwithtemplate\debug\stackwit.8379ec8a.tlog\link.6544-cvtres.write.1.tlog
c:\users\spark_000\documents\visual studio 2015\projects\stackwithtemplate\stackwithtemplate\debug\stackwit.8379ec8a.tlog\link.6544-rc.read.1.tlog
c:\users\spark_000\documents\visual studio 2015\projects\stackwithtemplate\stackwithtemplate\debug\stackwit.8379ec8a.tlog\link.6544-rc.write.1.tlog
c:\users\spark_000\documents\visual studio 2015\projects\stackwithtemplate\stackwithtemplate\debug\stackwit.8379ec8a.tlog\link.6544.read.1.tlog
c:\users\spark_000\documents\visual studio 2015\projects\stackwithtemplate\stackwithtemplate\debug\stackwit.8379ec8a.tlog\link.6544.write.1.tlog
c:\users\spark_000\documents\visual studio 2015\projects\stackwithtemplate\stackwithtemplate\debug\stackwit.8379ec8a.tlog\link.command.1.tlog
c:\users\spark_000\documents\visual studio 2015\projects\stackwithtemplate\stackwithtemplate\debug\stackwit.8379ec8a.tlog\link.read.1.tlog
c:\users\spark_000\documents\visual studio 2015\projects\stackwithtemplate\stackwithtemplate\debug\stackwit.8379ec8a.tlog\link.write.1.tlog
